<?xml version="1.0" encoding="UTF-8"?>
<!-- Generated by org.testng.reporters.JUnitReportReporter -->
<testsuite hostname="DESKTOP-QQMULL5" failures="0" tests="2" name="com.parabank.tests.NewAccountCreationTests" time="14.219" errors="0" timestamp="2025-09-06T09:28:08 IST" skipped="0">
  <testcase classname="com.parabank.tests.NewAccountCreationTests" name="createPolicy" time="7.994"/>
  <testcase classname="com.parabank.tests.NewAccountCreationTests" name="createPolicy" time="6.225"/>
</testsuite> <!-- com.parabank.tests.NewAccountCreationTests -->
