<?xml version="1.0" encoding="UTF-8"?>
<!-- Generated by org.testng.reporters.JUnitReportReporter -->
<testsuite hostname="DESKTOP-QQMULL5" failures="0" tests="4" name="com.parabank.tests.PremiumCalculationTests" time="22.854" errors="0" timestamp="2025-09-06T10:16:45 IST" skipped="0">
  <testcase classname="com.parabank.tests.PremiumCalculationTests" name="validatePremium" time="6.939"/>
  <testcase classname="com.parabank.tests.PremiumCalculationTests" name="validatePremium" time="5.967"/>
  <testcase classname="com.parabank.tests.PremiumCalculationTests" name="validatePremium" time="4.482"/>
  <testcase classname="com.parabank.tests.PremiumCalculationTests" name="validatePremium" time="5.466"/>
</testsuite> <!-- com.parabank.tests.PremiumCalculationTests -->
