<?xml version="1.0" encoding="UTF-8"?>
<!-- Generated by org.testng.reporters.JUnitReportReporter -->
<testsuite hostname="DESKTOP-QQMULL5" failures="0" tests="2" name="com.parabank.tests.PolicyCreationTests" time="14.860" errors="0" timestamp="2025-09-06T08:42:59 IST" skipped="0">
  <testcase classname="com.parabank.tests.PolicyCreationTests" name="createPolicy" time="8.493"/>
  <testcase classname="com.parabank.tests.PolicyCreationTests" name="createPolicy" time="6.367"/>
</testsuite> <!-- com.parabank.tests.PolicyCreationTests -->
