<?xml version="1.0" encoding="UTF-8"?>
<!-- Generated by org.testng.reporters.JUnitReportReporter -->
<testsuite hostname="DESKTOP-QQMULL5" failures="0" tests="1" name="com.parabank.tests.ClaimsTests" time="8.155" errors="0" timestamp="2025-09-06T08:46:00 IST" skipped="0">
  <testcase classname="com.parabank.tests.ClaimsTests" name="submitClaim" time="8.155"/>
</testsuite> <!-- com.parabank.tests.ClaimsTests -->
