<?xml version="1.0" encoding="UTF-8"?>
<!-- Generated by org.testng.reporters.JUnitReportReporter -->
<testsuite hostname="DESKTOP-QQMULL5" failures="0" tests="1" name="com.parabank.tests.TransactionHistoryTests" time="6.387" errors="0" timestamp="2025-09-05T19:53:15 IST" skipped="0">
  <testcase classname="com.parabank.tests.TransactionHistoryTests" name="verifyTransactionHistory" time="6.387"/>
</testsuite> <!-- com.parabank.tests.TransactionHistoryTests -->
