<?xml version="1.0" encoding="UTF-8"?>
<!-- Generated by org.testng.reporters.JUnitReportReporter -->
<testsuite hostname="DESKTOP-QQMULL5" failures="0" tests="1" name="com.parabank.tests.LoanTests" time="15.017" errors="0" timestamp="2025-09-06T10:16:45 IST" skipped="0">
  <testcase classname="com.parabank.tests.LoanTests" name="verifyLoanRequest" time="15.017"/>
</testsuite> <!-- com.parabank.tests.LoanTests -->
